{
  "RSpec": {
    "coverage": {
      "/Users/colinreinhart/turing/5Module/projects/interview_buddy_be/config/environment.rb": {
        "lines": [
          null,
          1,
          null,
          null,
          1
        ]
      },
      "/Users/colinreinhart/turing/5Module/projects/interview_buddy_be/config/application.rb": {
        "lines": [
          1,
          null,
          1,
          null,
          1,
          1,
          1,
          1,
          1,
          1,
          null,
          null,
          1,
          1,
          null,
          null,
          null,
          null,
          1,
          null,
          1,
          1,
          null,
          1,
          null,
          null,
          null,
          null,
          null,
          null,
          null,
          null,
          null,
          null,
          1,
          null,
          null
        ]
      },
      "/Users/colinreinhart/turing/5Module/projects/interview_buddy_be/config/boot.rb": {
        "lines": [
          1,
          null,
          1,
          1
        ]
      },
      "/Users/colinreinhart/turing/5Module/projects/interview_buddy_be/config/environments/test.rb": {
        "lines": [
          1,
          null,
          null,
          null,
          null,
          null,
          null,
          1,
          null,
          null,
          null,
          1,
          null,
          null,
          null,
          null,
          1,
          null,
          null,
          1,
          1,
          null,
          null,
          null,
          null,
          1,
          1,
          1,
          null,
          null,
          1,
          null,
          null,
          1,
          null,
          null,
          1,
          null,
          1,
          null,
          null,
          null,
          null,
          1,
          null,
          null,
          1,
          null,
          null,
          1,
          null,
          null,
          1,
          null,
          null,
          null,
          null,
          null,
          null,
          null
        ]
      },
      "/Users/colinreinhart/turing/5Module/projects/interview_buddy_be/config/initializers/assets.rb": {
        "lines": [
          null,
          null,
          null,
          1,
          null,
          null,
          null,
          null,
          null,
          null,
          null,
          null
        ]
      },
      "/Users/colinreinhart/turing/5Module/projects/interview_buddy_be/config/initializers/content_security_policy.rb": {
        "lines": [
          null,
          null,
          null,
          null,
          null,
          null,
          null,
          null,
          null,
          null,
          null,
          null,
          null,
          null,
          null,
          null,
          null,
          null,
          null,
          null,
          null,
          null,
          null,
          null,
          null
        ]
      },
      "/Users/colinreinhart/turing/5Module/projects/interview_buddy_be/config/initializers/cors.rb": {
        "lines": [
          1,
          1,
          1,
          null,
          1,
          null,
          null,
          null,
          null
        ]
      },
      "/Users/colinreinhart/turing/5Module/projects/interview_buddy_be/config/initializers/filter_parameter_logging.rb": {
        "lines": [
          null,
          null,
          null,
          null,
          null,
          1,
          null,
          null
        ]
      },
      "/Users/colinreinhart/turing/5Module/projects/interview_buddy_be/config/initializers/inflections.rb": {
        "lines": [
          null,
          null,
          null,
          null,
          null,
          null,
          null,
          null,
          null,
          null,
          null,
          null,
          null,
          null,
          null,
          null
        ]
      },
      "/Users/colinreinhart/turing/5Module/projects/interview_buddy_be/config/initializers/permissions_policy.rb": {
        "lines": [
          null,
          null,
          null,
          null,
          null,
          null,
          null,
          null,
          null,
          null,
          null
        ]
      },
      "/Users/colinreinhart/turing/5Module/projects/interview_buddy_be/config/routes.rb": {
        "lines": [
          1,
          1,
          0,
          null,
          1,
          null,
          null,
          null,
          null,
          null
        ]
      },
      "/Users/colinreinhart/turing/5Module/projects/interview_buddy_be/app/helpers/application_helper.rb": {
        "lines": [
          1,
          null
        ]
      },
      "/Users/colinreinhart/turing/5Module/projects/interview_buddy_be/app/graphql/mutations/create_meeting.rb": {
        "lines": [
          1,
          1,
          1,
          1,
          1,
          1,
          1,
          1,
          1,
          null,
          1,
          1,
          null,
          1,
          1,
          1,
          1,
          null,
          0,
          null,
          1,
          null,
          1,
          null,
          1,
          null,
          null,
          null,
          null,
          0,
          null,
          null,
          null,
          null,
          null,
          null
        ]
      },
      "/Users/colinreinhart/turing/5Module/projects/interview_buddy_be/app/graphql/mutations/base_mutation.rb": {
        "lines": [
          1,
          1,
          1,
          1,
          1,
          1,
          null,
          null
        ]
      },
      "/Users/colinreinhart/turing/5Module/projects/interview_buddy_be/app/graphql/types/base_argument.rb": {
        "lines": [
          1,
          1,
          null,
          null
        ]
      },
      "/Users/colinreinhart/turing/5Module/projects/interview_buddy_be/app/graphql/types/base_field.rb": {
        "lines": [
          1,
          1,
          1,
          null,
          null
        ]
      },
      "/Users/colinreinhart/turing/5Module/projects/interview_buddy_be/app/graphql/types/base_input_object.rb": {
        "lines": [
          1,
          1,
          1,
          null,
          null
        ]
      },
      "/Users/colinreinhart/turing/5Module/projects/interview_buddy_be/app/graphql/types/base_object.rb": {
        "lines": [
          1,
          1,
          1,
          1,
          1,
          null,
          null
        ]
      },
      "/Users/colinreinhart/turing/5Module/projects/interview_buddy_be/app/graphql/types/base_edge.rb": {
        "lines": [
          1,
          1,
          null,
          1,
          null,
          null
        ]
      },
      "/Users/colinreinhart/turing/5Module/projects/interview_buddy_be/app/graphql/types/base_connection.rb": {
        "lines": [
          1,
          1,
          null,
          1,
          null,
          null
        ]
      },
      "/Users/colinreinhart/turing/5Module/projects/interview_buddy_be/app/graphql/types/meeting_type.rb": {
        "lines": [
          null,
          null,
          1,
          1,
          1,
          1,
          1,
          1,
          1,
          1,
          1,
          1,
          1,
          1,
          null,
          null
        ]
      },
      "/Users/colinreinhart/turing/5Module/projects/interview_buddy_be/spec/graphql/users/user_graphql_spec.rb": {
        "lines": [
          1,
          1,
          null,
          1,
          null,
          1,
          1,
          1,
          null,
          null,
          null,
          null,
          null,
          null,
          null,
          null,
          null,
          null,
          null,
          null,
          null,
          null,
          null,
          null,
          null,
          null,
          null,
          null,
          null,
          null,
          null,
          null,
          null,
          null,
          null,
          null,
          1,
          1,
          1,
          null,
          1,
          1,
          1,
          1,
          1,
          1,
          1,
          1,
          null,
          null,
          1,
          1,
          1,
          1,
          null,
          1,
          1,
          null,
          null,
          null,
          null,
          null,
          null,
          null,
          null,
          null,
          null,
          null,
          null,
          null,
          null,
          1,
          1,
          1,
          null,
          1,
          null,
          null,
          1,
          1,
          1,
          1,
          null,
          1,
          1,
          null,
          null,
          null,
          null,
          null,
          null,
          null,
          null,
          null,
          null,
          null,
          null,
          null,
          1,
          1,
          null,
          null,
          1,
          1,
          1,
          null,
          1,
          1,
          null,
          null,
          null,
          null,
          null,
          null,
          null,
          null,
          null,
          null,
          1,
          null,
          1,
          1,
          null,
          1,
          1,
          1,
          null,
          null,
          1,
          1,
          1,
          null,
          1,
          1,
          null,
          null,
          null,
          null,
          null,
          null,
          null,
          null,
          null,
          null,
          null,
          null,
          null,
          1,
          1,
          1,
          null,
          1,
          null,
          null,
          1,
          1,
          1,
          null,
          1,
          1,
          null,
          null,
          null,
          null,
          null,
          null,
          null,
          null,
          null,
          null,
          null,
          null,
          null,
          null,
          1,
          null,
          1,
          1,
          null,
          1,
          null,
          null
        ]
      },
      "/Users/colinreinhart/turing/5Module/projects/interview_buddy_be/app/graphql/mutations/create_user.rb": {
        "lines": [
          1,
          1,
          1,
          1,
          1,
          1,
          1,
          1,
          1,
          1,
          null,
          1,
          1,
          null,
          1,
          1,
          null,
          1,
          null,
          1,
          null,
          null,
          null,
          null,
          0,
          null,
          null,
          null,
          null,
          null,
          null
        ]
      },
      "/Users/colinreinhart/turing/5Module/projects/interview_buddy_be/app/graphql/types/user_type.rb": {
        "lines": [
          null,
          null,
          1,
          1,
          1,
          1,
          1,
          1,
          1,
          1,
          1,
          1,
          1,
          1,
          1,
          null,
          null
        ]
      },
      "/Users/colinreinhart/turing/5Module/projects/interview_buddy_be/spec/models/meeting_spec.rb": {
        "lines": [
          1,
          null,
          1,
          1,
          2,
          null,
          null,
          1,
          2,
          2,
          2,
          2,
          null,
          null
        ]
      },
      "/Users/colinreinhart/turing/5Module/projects/interview_buddy_be/app/models/meeting.rb": {
        "lines": [
          1,
          1,
          1,
          1,
          null
        ]
      },
      "/Users/colinreinhart/turing/5Module/projects/interview_buddy_be/app/models/application_record.rb": {
        "lines": [
          1,
          1,
          null
        ]
      },
      "/Users/colinreinhart/turing/5Module/projects/interview_buddy_be/spec/models/user_spec.rb": {
        "lines": [
          1,
          null,
          1,
          1,
          2,
          null,
          null,
          1,
          2,
          2,
          2,
          2,
          2,
          null,
          null
        ]
      },
      "/Users/colinreinhart/turing/5Module/projects/interview_buddy_be/app/models/user.rb": {
        "lines": [
          1,
          1,
          1,
          1,
          1,
          null
        ]
      },
      "/Users/colinreinhart/turing/5Module/projects/interview_buddy_be/app/controllers/graphql_controller.rb": {
        "lines": [
          1,
          null,
          null,
          null,
          null,
          null,
          1,
          9,
          9,
          9,
          9,
          null,
          null,
          null,
          9,
          9,
          null,
          0,
          0,
          null,
          null,
          1,
          null,
          null,
          1,
          9,
          null,
          0,
          0,
          null,
          0,
          null,
          null,
          0,
          null,
          0,
          null,
          9,
          null,
          0,
          null,
          null,
          null,
          1,
          0,
          0,
          null,
          0,
          null,
          null
        ]
      },
      "/Users/colinreinhart/turing/5Module/projects/interview_buddy_be/app/controllers/application_controller.rb": {
        "lines": [
          1,
          1,
          null
        ]
      },
      "/Users/colinreinhart/turing/5Module/projects/interview_buddy_be/app/graphql/interview_buddy_be_schema.rb": {
        "lines": [
          1,
          1,
          1,
          null,
          null,
          1,
          null,
          null,
          1,
          null,
          null,
          null,
          null,
          0,
          null,
          null,
          null,
          1,
          null,
          null,
          0,
          null,
          null,
          null,
          1,
          null,
          null,
          null,
          null,
          1,
          null,
          0,
          null,
          null,
          null,
          1,
          null,
          0,
          null,
          null
        ]
      },
      "/Users/colinreinhart/turing/5Module/projects/interview_buddy_be/app/graphql/types/mutation_type.rb": {
        "lines": [
          1,
          1,
          null,
          1,
          1,
          1,
          null,
          null,
          1,
          1,
          null,
          null
        ]
      },
      "/Users/colinreinhart/turing/5Module/projects/interview_buddy_be/app/graphql/mutations/update_user.rb": {
        "lines": [
          null,
          null,
          1,
          1,
          1,
          null,
          1,
          null,
          1,
          1,
          1,
          1,
          1,
          1,
          1,
          1,
          1,
          null,
          1,
          1,
          1,
          null,
          1,
          null,
          null,
          null
        ]
      },
      "/Users/colinreinhart/turing/5Module/projects/interview_buddy_be/app/graphql/mutations/delete_user.rb": {
        "lines": [
          1,
          1,
          1,
          null,
          1,
          null,
          null,
          1,
          null,
          1,
          1,
          1,
          null,
          1,
          null,
          null,
          null
        ]
      },
      "/Users/colinreinhart/turing/5Module/projects/interview_buddy_be/app/graphql/mutations/update_meeting.rb": {
        "lines": [
          1,
          1,
          1,
          null,
          1,
          null,
          1,
          1,
          1,
          1,
          1,
          1,
          1,
          null,
          1,
          0,
          0,
          null,
          0,
          null,
          null,
          null
        ]
      },
      "/Users/colinreinhart/turing/5Module/projects/interview_buddy_be/app/graphql/types/query_type.rb": {
        "lines": [
          1,
          1,
          null,
          1,
          1,
          null,
          null,
          null,
          null,
          1,
          null,
          1,
          1,
          null,
          null,
          1,
          1,
          null,
          null,
          1,
          1,
          null,
          null,
          1,
          null,
          1,
          0,
          null,
          null,
          1,
          1,
          null,
          null,
          1,
          1,
          null,
          null,
          1,
          1,
          null,
          null,
          1,
          1,
          null,
          null,
          1,
          1,
          null,
          null,
          1,
          1,
          null,
          null,
          null,
          null
        ]
      }
    },
    "timestamp": 1692390590
  }
}
